#! /usr/local/Cellar/icarus-verilog/11.0/bin/vvp
:ivl_version "11.0 (stable)";
:ivl_delay_selection "TYPICAL";
:vpi_time_precision + 0;
:vpi_module "/usr/local/Cellar/icarus-verilog/11.0/lib/ivl/system.vpi";
:vpi_module "/usr/local/Cellar/icarus-verilog/11.0/lib/ivl/vhdl_sys.vpi";
:vpi_module "/usr/local/Cellar/icarus-verilog/11.0/lib/ivl/vhdl_textio.vpi";
:vpi_module "/usr/local/Cellar/icarus-verilog/11.0/lib/ivl/v2005_math.vpi";
:vpi_module "/usr/local/Cellar/icarus-verilog/11.0/lib/ivl/va_math.vpi";
:vpi_module "/usr/local/Cellar/icarus-verilog/11.0/lib/ivl/v2009.vpi";
S_0x7fa531513310 .scope package, "$unit" "$unit" 2 1;
 .timescale 0 0;
S_0x7fa531513480 .scope module, "traffic" "traffic" 3 1;
 .timescale 0 0;
    .port_info 0 /INPUT 1 "clk";
    .port_info 1 /INPUT 1 "reset";
    .port_info 2 /OUTPUT 1 "red";
    .port_info 3 /OUTPUT 1 "orange";
    .port_info 4 /OUTPUT 1 "green";
o0x7fa531632008 .functor BUFZ 1, C4<z>; HiZ drive
v0x7fa531506bb0_0 .net "clk", 0 0, o0x7fa531632008;  0 drivers
v0x7fa5315233d0_0 .var "count_green", 0 0;
v0x7fa531523470_0 .var "count_red", 0 0;
v0x7fa531523500_0 .var "green", 0 0;
v0x7fa5315235a0_0 .var "orange", 0 0;
v0x7fa531523680_0 .var "red", 0 0;
o0x7fa531632128 .functor BUFZ 1, C4<z>; HiZ drive
v0x7fa531523720_0 .net "reset", 0 0, o0x7fa531632128;  0 drivers
v0x7fa5315237c0_0 .var "reset_1", 0 0;
E_0x7fa531506c50 .event posedge, v0x7fa531506bb0_0;
    .scope S_0x7fa531513480;
T_0 ;
    %wait E_0x7fa531506c50;
    %load/vec4 v0x7fa531523720_0;
    %assign/vec4 v0x7fa5315237c0_0, 0;
    %load/vec4 v0x7fa5315237c0_0;
    %pad/u 32;
    %pushi/vec4 1, 0, 32;
    %cmp/e;
    %flag_get/vec4 4;
    %load/vec4 v0x7fa531523720_0;
    %pad/u 32;
    %pushi/vec4 0, 0, 32;
    %cmp/e;
    %flag_get/vec4 4;
    %and;
    %flag_set/vec4 8;
    %jmp/0xz  T_0.0, 8;
    %pushi/vec4 1, 0, 1;
    %assign/vec4 v0x7fa531523680_0, 0;
    %pushi/vec4 0, 0, 1;
    %assign/vec4 v0x7fa5315235a0_0, 0;
    %pushi/vec4 0, 0, 1;
    %assign/vec4 v0x7fa531523500_0, 0;
    %pushi/vec4 1, 0, 1;
    %assign/vec4 v0x7fa531523470_0, 0;
    %pushi/vec4 0, 0, 1;
    %assign/vec4 v0x7fa5315233d0_0, 0;
    %jmp T_0.1;
T_0.0 ;
    %load/vec4 v0x7fa531523720_0;
    %pad/u 32;
    %pushi/vec4 0, 0, 32;
    %cmp/e;
    %flag_get/vec4 4;
    %load/vec4 v0x7fa531523470_0;
    %pad/u 32;
    %pushi/vec4 1, 0, 32;
    %cmp/e;
    %flag_get/vec4 4;
    %and;
    %load/vec4 v0x7fa531523680_0;
    %pad/u 32;
    %pushi/vec4 1, 0, 32;
    %cmp/e;
    %flag_get/vec4 4;
    %and;
    %load/vec4 v0x7fa5315235a0_0;
    %pad/u 32;
    %pushi/vec4 0, 0, 32;
    %cmp/e;
    %flag_get/vec4 4;
    %and;
    %load/vec4 v0x7fa531523500_0;
    %pad/u 32;
    %pushi/vec4 0, 0, 32;
    %cmp/e;
    %flag_get/vec4 4;
    %and;
    %flag_set/vec4 8;
    %jmp/0xz  T_0.2, 8;
    %pushi/vec4 1, 0, 1;
    %assign/vec4 v0x7fa531523680_0, 0;
    %pushi/vec4 0, 0, 1;
    %assign/vec4 v0x7fa5315235a0_0, 0;
    %pushi/vec4 0, 0, 1;
    %assign/vec4 v0x7fa531523500_0, 0;
    %pushi/vec4 0, 0, 1;
    %assign/vec4 v0x7fa531523470_0, 0;
    %pushi/vec4 0, 0, 1;
    %assign/vec4 v0x7fa5315233d0_0, 0;
    %jmp T_0.3;
T_0.2 ;
    %load/vec4 v0x7fa531523720_0;
    %pad/u 32;
    %pushi/vec4 0, 0, 32;
    %cmp/e;
    %flag_get/vec4 4;
    %load/vec4 v0x7fa531523470_0;
    %pad/u 32;
    %pushi/vec4 0, 0, 32;
    %cmp/e;
    %flag_get/vec4 4;
    %and;
    %load/vec4 v0x7fa531523680_0;
    %pad/u 32;
    %pushi/vec4 1, 0, 32;
    %cmp/e;
    %flag_get/vec4 4;
    %and;
    %load/vec4 v0x7fa5315235a0_0;
    %pad/u 32;
    %pushi/vec4 0, 0, 32;
    %cmp/e;
    %flag_get/vec4 4;
    %and;
    %load/vec4 v0x7fa531523500_0;
    %pad/u 32;
    %pushi/vec4 0, 0, 32;
    %cmp/e;
    %flag_get/vec4 4;
    %and;
    %flag_set/vec4 8;
    %jmp/0xz  T_0.4, 8;
    %pushi/vec4 1, 0, 1;
    %assign/vec4 v0x7fa531523680_0, 0;
    %pushi/vec4 1, 0, 1;
    %assign/vec4 v0x7fa5315235a0_0, 0;
    %pushi/vec4 0, 0, 1;
    %assign/vec4 v0x7fa531523500_0, 0;
    %pushi/vec4 0, 0, 1;
    %assign/vec4 v0x7fa531523470_0, 0;
    %pushi/vec4 0, 0, 1;
    %assign/vec4 v0x7fa5315233d0_0, 0;
    %jmp T_0.5;
T_0.4 ;
    %load/vec4 v0x7fa531523720_0;
    %pad/u 32;
    %pushi/vec4 0, 0, 32;
    %cmp/e;
    %flag_get/vec4 4;
    %load/vec4 v0x7fa531523680_0;
    %pad/u 32;
    %pushi/vec4 1, 0, 32;
    %cmp/e;
    %flag_get/vec4 4;
    %and;
    %load/vec4 v0x7fa5315235a0_0;
    %pad/u 32;
    %pushi/vec4 1, 0, 32;
    %cmp/e;
    %flag_get/vec4 4;
    %and;
    %load/vec4 v0x7fa531523500_0;
    %pad/u 32;
    %pushi/vec4 0, 0, 32;
    %cmp/e;
    %flag_get/vec4 4;
    %and;
    %flag_set/vec4 8;
    %jmp/0xz  T_0.6, 8;
    %pushi/vec4 0, 0, 1;
    %assign/vec4 v0x7fa531523680_0, 0;
    %pushi/vec4 0, 0, 1;
    %assign/vec4 v0x7fa5315235a0_0, 0;
    %pushi/vec4 1, 0, 1;
    %assign/vec4 v0x7fa531523500_0, 0;
    %pushi/vec4 0, 0, 1;
    %assign/vec4 v0x7fa531523470_0, 0;
    %pushi/vec4 1, 0, 1;
    %assign/vec4 v0x7fa5315233d0_0, 0;
    %jmp T_0.7;
T_0.6 ;
    %load/vec4 v0x7fa531523720_0;
    %pad/u 32;
    %pushi/vec4 0, 0, 32;
    %cmp/e;
    %flag_get/vec4 4;
    %load/vec4 v0x7fa5315233d0_0;
    %pad/u 32;
    %pushi/vec4 1, 0, 32;
    %cmp/e;
    %flag_get/vec4 4;
    %and;
    %load/vec4 v0x7fa531523680_0;
    %pad/u 32;
    %pushi/vec4 0, 0, 32;
    %cmp/e;
    %flag_get/vec4 4;
    %and;
    %load/vec4 v0x7fa5315235a0_0;
    %pad/u 32;
    %pushi/vec4 0, 0, 32;
    %cmp/e;
    %flag_get/vec4 4;
    %and;
    %load/vec4 v0x7fa531523500_0;
    %pad/u 32;
    %pushi/vec4 1, 0, 32;
    %cmp/e;
    %flag_get/vec4 4;
    %and;
    %flag_set/vec4 8;
    %jmp/0xz  T_0.8, 8;
    %pushi/vec4 0, 0, 1;
    %assign/vec4 v0x7fa531523680_0, 0;
    %pushi/vec4 0, 0, 1;
    %assign/vec4 v0x7fa5315235a0_0, 0;
    %pushi/vec4 1, 0, 1;
    %assign/vec4 v0x7fa531523500_0, 0;
    %pushi/vec4 0, 0, 1;
    %assign/vec4 v0x7fa531523470_0, 0;
    %pushi/vec4 0, 0, 1;
    %assign/vec4 v0x7fa5315233d0_0, 0;
    %jmp T_0.9;
T_0.8 ;
    %load/vec4 v0x7fa531523720_0;
    %pad/u 32;
    %pushi/vec4 0, 0, 32;
    %cmp/e;
    %flag_get/vec4 4;
    %load/vec4 v0x7fa5315233d0_0;
    %pad/u 32;
    %pushi/vec4 0, 0, 32;
    %cmp/e;
    %flag_get/vec4 4;
    %and;
    %load/vec4 v0x7fa531523680_0;
    %pad/u 32;
    %pushi/vec4 0, 0, 32;
    %cmp/e;
    %flag_get/vec4 4;
    %and;
    %load/vec4 v0x7fa5315235a0_0;
    %pad/u 32;
    %pushi/vec4 0, 0, 32;
    %cmp/e;
    %flag_get/vec4 4;
    %and;
    %load/vec4 v0x7fa531523500_0;
    %pad/u 32;
    %pushi/vec4 1, 0, 32;
    %cmp/e;
    %flag_get/vec4 4;
    %and;
    %flag_set/vec4 8;
    %jmp/0xz  T_0.10, 8;
    %pushi/vec4 0, 0, 1;
    %assign/vec4 v0x7fa531523680_0, 0;
    %pushi/vec4 1, 0, 1;
    %assign/vec4 v0x7fa5315235a0_0, 0;
    %pushi/vec4 0, 0, 1;
    %assign/vec4 v0x7fa531523500_0, 0;
    %pushi/vec4 0, 0, 1;
    %assign/vec4 v0x7fa531523470_0, 0;
    %pushi/vec4 0, 0, 1;
    %assign/vec4 v0x7fa5315233d0_0, 0;
    %jmp T_0.11;
T_0.10 ;
    %pushi/vec4 1, 1, 1;
    %store/vec4 v0x7fa531523500_0, 0, 1;
    %pushi/vec4 1, 1, 1;
    %store/vec4 v0x7fa5315235a0_0, 0, 1;
    %pushi/vec4 1, 1, 1;
    %store/vec4 v0x7fa531523680_0, 0, 1;
T_0.11 ;
T_0.9 ;
T_0.7 ;
T_0.5 ;
T_0.3 ;
T_0.1 ;
    %jmp T_0;
    .thread T_0;
# The file index is used to find the file name in the following table.
:file_names 4;
    "N/A";
    "<interactive>";
    "-";
    "traffic.v";
