#! /usr/local/bin/vvp
:ivl_version "12.0 (devel)" "(s20150603-1148-gef01dd1e)";
:ivl_delay_selection "TYPICAL";
:vpi_time_precision + 0;
:vpi_module "/usr/local/lib/ivl/system.vpi";
:vpi_module "/usr/local/lib/ivl/vhdl_sys.vpi";
:vpi_module "/usr/local/lib/ivl/vhdl_textio.vpi";
:vpi_module "/usr/local/lib/ivl/v2005_math.vpi";
:vpi_module "/usr/local/lib/ivl/va_math.vpi";
:vpi_module "/usr/local/lib/ivl/v2009.vpi";
S_0x7fffeae994a0 .scope package, "$unit" "$unit" 2 1;
 .timescale 0 0;
S_0x7fffeae97e00 .scope module, "traffic" "traffic" 3 1;
 .timescale 0 0;
    .port_info 0 /INPUT 1 "clk";
    .port_info 1 /INPUT 1 "reset";
    .port_info 2 /OUTPUT 1 "red";
    .port_info 3 /OUTPUT 1 "orange";
    .port_info 4 /OUTPUT 1 "green";
o0x7f9a08b10018 .functor BUFZ 1, C4<z>; HiZ drive
v0x7fffeaeaa670_0 .net "clk", 0 0, o0x7f9a08b10018;  0 drivers
v0x7fffeaeeb6d0_0 .var "count_green", 0 0;
v0x7fffeaeeb790_0 .var "count_red", 0 0;
v0x7fffeaeeb860_0 .var "green", 0 0;
v0x7fffeaeeb920_0 .var "orange", 0 0;
v0x7fffeaeeba30_0 .var "red", 0 0;
o0x7f9a08b10138 .functor BUFZ 1, C4<z>; HiZ drive
v0x7fffeaeebaf0_0 .net "reset", 0 0, o0x7f9a08b10138;  0 drivers
v0x7fffeaeebbb0_0 .var "reset_1", 0 0;
E_0x7fffeae98690 .event posedge, v0x7fffeaeaa670_0;
    .scope S_0x7fffeae97e00;
T_0 ;
    %wait E_0x7fffeae98690;
    %load/vec4 v0x7fffeaeebaf0_0;
    %assign/vec4 v0x7fffeaeebbb0_0, 0;
    %load/vec4 v0x7fffeaeebbb0_0;
    %pad/u 32;
    %pushi/vec4 1, 0, 32;
    %cmp/e;
    %flag_get/vec4 4;
    %load/vec4 v0x7fffeaeebaf0_0;
    %pad/u 32;
    %pushi/vec4 0, 0, 32;
    %cmp/e;
    %flag_get/vec4 4;
    %and;
    %flag_set/vec4 8;
    %jmp/0xz  T_0.0, 8;
    %pushi/vec4 1, 0, 1;
    %assign/vec4 v0x7fffeaeeba30_0, 0;
    %pushi/vec4 0, 0, 1;
    %assign/vec4 v0x7fffeaeeb920_0, 0;
    %pushi/vec4 0, 0, 1;
    %assign/vec4 v0x7fffeaeeb860_0, 0;
    %pushi/vec4 1, 0, 1;
    %assign/vec4 v0x7fffeaeeb790_0, 0;
    %pushi/vec4 0, 0, 1;
    %assign/vec4 v0x7fffeaeeb6d0_0, 0;
    %jmp T_0.1;
T_0.0 ;
    %load/vec4 v0x7fffeaeebaf0_0;
    %pad/u 32;
    %pushi/vec4 0, 0, 32;
    %cmp/e;
    %flag_get/vec4 4;
    %load/vec4 v0x7fffeaeeb790_0;
    %pad/u 32;
    %pushi/vec4 1, 0, 32;
    %cmp/e;
    %flag_get/vec4 4;
    %and;
    %load/vec4 v0x7fffeaeeba30_0;
    %pad/u 32;
    %pushi/vec4 1, 0, 32;
    %cmp/e;
    %flag_get/vec4 4;
    %and;
    %load/vec4 v0x7fffeaeeb920_0;
    %pad/u 32;
    %pushi/vec4 0, 0, 32;
    %cmp/e;
    %flag_get/vec4 4;
    %and;
    %load/vec4 v0x7fffeaeeb860_0;
    %pad/u 32;
    %pushi/vec4 0, 0, 32;
    %cmp/e;
    %flag_get/vec4 4;
    %and;
    %flag_set/vec4 8;
    %jmp/0xz  T_0.2, 8;
    %pushi/vec4 1, 0, 1;
    %assign/vec4 v0x7fffeaeeba30_0, 0;
    %pushi/vec4 0, 0, 1;
    %assign/vec4 v0x7fffeaeeb920_0, 0;
    %pushi/vec4 0, 0, 1;
    %assign/vec4 v0x7fffeaeeb860_0, 0;
    %pushi/vec4 0, 0, 1;
    %assign/vec4 v0x7fffeaeeb790_0, 0;
    %pushi/vec4 0, 0, 1;
    %assign/vec4 v0x7fffeaeeb6d0_0, 0;
    %jmp T_0.3;
T_0.2 ;
    %load/vec4 v0x7fffeaeebaf0_0;
    %pad/u 32;
    %pushi/vec4 0, 0, 32;
    %cmp/e;
    %flag_get/vec4 4;
    %load/vec4 v0x7fffeaeeb790_0;
    %pad/u 32;
    %pushi/vec4 0, 0, 32;
    %cmp/e;
    %flag_get/vec4 4;
    %and;
    %load/vec4 v0x7fffeaeeba30_0;
    %pad/u 32;
    %pushi/vec4 1, 0, 32;
    %cmp/e;
    %flag_get/vec4 4;
    %and;
    %load/vec4 v0x7fffeaeeb920_0;
    %pad/u 32;
    %pushi/vec4 0, 0, 32;
    %cmp/e;
    %flag_get/vec4 4;
    %and;
    %load/vec4 v0x7fffeaeeb860_0;
    %pad/u 32;
    %pushi/vec4 0, 0, 32;
    %cmp/e;
    %flag_get/vec4 4;
    %and;
    %flag_set/vec4 8;
    %jmp/0xz  T_0.4, 8;
    %pushi/vec4 1, 0, 1;
    %assign/vec4 v0x7fffeaeeba30_0, 0;
    %pushi/vec4 1, 0, 1;
    %assign/vec4 v0x7fffeaeeb920_0, 0;
    %pushi/vec4 0, 0, 1;
    %assign/vec4 v0x7fffeaeeb860_0, 0;
    %pushi/vec4 0, 0, 1;
    %assign/vec4 v0x7fffeaeeb790_0, 0;
    %pushi/vec4 0, 0, 1;
    %assign/vec4 v0x7fffeaeeb6d0_0, 0;
    %jmp T_0.5;
T_0.4 ;
    %load/vec4 v0x7fffeaeebaf0_0;
    %pad/u 32;
    %pushi/vec4 0, 0, 32;
    %cmp/e;
    %flag_get/vec4 4;
    %load/vec4 v0x7fffeaeeba30_0;
    %pad/u 32;
    %pushi/vec4 1, 0, 32;
    %cmp/e;
    %flag_get/vec4 4;
    %and;
    %load/vec4 v0x7fffeaeeb920_0;
    %pad/u 32;
    %pushi/vec4 1, 0, 32;
    %cmp/e;
    %flag_get/vec4 4;
    %and;
    %load/vec4 v0x7fffeaeeb860_0;
    %pad/u 32;
    %pushi/vec4 0, 0, 32;
    %cmp/e;
    %flag_get/vec4 4;
    %and;
    %flag_set/vec4 8;
    %jmp/0xz  T_0.6, 8;
    %pushi/vec4 0, 0, 1;
    %assign/vec4 v0x7fffeaeeba30_0, 0;
    %pushi/vec4 0, 0, 1;
    %assign/vec4 v0x7fffeaeeb920_0, 0;
    %pushi/vec4 1, 0, 1;
    %assign/vec4 v0x7fffeaeeb860_0, 0;
    %pushi/vec4 0, 0, 1;
    %assign/vec4 v0x7fffeaeeb790_0, 0;
    %pushi/vec4 1, 0, 1;
    %assign/vec4 v0x7fffeaeeb6d0_0, 0;
    %jmp T_0.7;
T_0.6 ;
    %load/vec4 v0x7fffeaeebaf0_0;
    %pad/u 32;
    %pushi/vec4 0, 0, 32;
    %cmp/e;
    %flag_get/vec4 4;
    %load/vec4 v0x7fffeaeeb6d0_0;
    %pad/u 32;
    %pushi/vec4 1, 0, 32;
    %cmp/e;
    %flag_get/vec4 4;
    %and;
    %load/vec4 v0x7fffeaeeba30_0;
    %pad/u 32;
    %pushi/vec4 0, 0, 32;
    %cmp/e;
    %flag_get/vec4 4;
    %and;
    %load/vec4 v0x7fffeaeeb920_0;
    %pad/u 32;
    %pushi/vec4 0, 0, 32;
    %cmp/e;
    %flag_get/vec4 4;
    %and;
    %load/vec4 v0x7fffeaeeb860_0;
    %pad/u 32;
    %pushi/vec4 1, 0, 32;
    %cmp/e;
    %flag_get/vec4 4;
    %and;
    %flag_set/vec4 8;
    %jmp/0xz  T_0.8, 8;
    %pushi/vec4 0, 0, 1;
    %assign/vec4 v0x7fffeaeeba30_0, 0;
    %pushi/vec4 0, 0, 1;
    %assign/vec4 v0x7fffeaeeb920_0, 0;
    %pushi/vec4 1, 0, 1;
    %assign/vec4 v0x7fffeaeeb860_0, 0;
    %pushi/vec4 0, 0, 1;
    %assign/vec4 v0x7fffeaeeb790_0, 0;
    %pushi/vec4 0, 0, 1;
    %assign/vec4 v0x7fffeaeeb6d0_0, 0;
    %jmp T_0.9;
T_0.8 ;
    %load/vec4 v0x7fffeaeebaf0_0;
    %pad/u 32;
    %pushi/vec4 0, 0, 32;
    %cmp/e;
    %flag_get/vec4 4;
    %load/vec4 v0x7fffeaeeb6d0_0;
    %pad/u 32;
    %pushi/vec4 0, 0, 32;
    %cmp/e;
    %flag_get/vec4 4;
    %and;
    %load/vec4 v0x7fffeaeeba30_0;
    %pad/u 32;
    %pushi/vec4 0, 0, 32;
    %cmp/e;
    %flag_get/vec4 4;
    %and;
    %load/vec4 v0x7fffeaeeb920_0;
    %pad/u 32;
    %pushi/vec4 0, 0, 32;
    %cmp/e;
    %flag_get/vec4 4;
    %and;
    %load/vec4 v0x7fffeaeeb860_0;
    %pad/u 32;
    %pushi/vec4 1, 0, 32;
    %cmp/e;
    %flag_get/vec4 4;
    %and;
    %flag_set/vec4 8;
    %jmp/0xz  T_0.10, 8;
    %pushi/vec4 0, 0, 1;
    %assign/vec4 v0x7fffeaeeba30_0, 0;
    %pushi/vec4 1, 0, 1;
    %assign/vec4 v0x7fffeaeeb920_0, 0;
    %pushi/vec4 0, 0, 1;
    %assign/vec4 v0x7fffeaeeb860_0, 0;
    %pushi/vec4 0, 0, 1;
    %assign/vec4 v0x7fffeaeeb790_0, 0;
    %pushi/vec4 0, 0, 1;
    %assign/vec4 v0x7fffeaeeb6d0_0, 0;
T_0.10 ;
T_0.9 ;
T_0.7 ;
T_0.5 ;
T_0.3 ;
T_0.1 ;
    %jmp T_0;
    .thread T_0;
# The file index is used to find the file name in the following table.
:file_names 4;
    "N/A";
    "<interactive>";
    "-";
    "e9_fsm.v";
