#! /usr/local/Cellar/icarus-verilog/11.0/bin/vvp
:ivl_version "11.0 (stable)";
:ivl_delay_selection "TYPICAL";
:vpi_time_precision + 0;
:vpi_module "/usr/local/Cellar/icarus-verilog/11.0/lib/ivl/system.vpi";
:vpi_module "/usr/local/Cellar/icarus-verilog/11.0/lib/ivl/vhdl_sys.vpi";
:vpi_module "/usr/local/Cellar/icarus-verilog/11.0/lib/ivl/vhdl_textio.vpi";
:vpi_module "/usr/local/Cellar/icarus-verilog/11.0/lib/ivl/v2005_math.vpi";
:vpi_module "/usr/local/Cellar/icarus-verilog/11.0/lib/ivl/va_math.vpi";
:vpi_module "/usr/local/Cellar/icarus-verilog/11.0/lib/ivl/v2009.vpi";
S_0x7f8afef04950 .scope package, "$unit" "$unit" 2 1;
 .timescale 0 0;
S_0x7f8afef04ac0 .scope module, "alu" "alu" 3 1;
 .timescale 0 0;
    .port_info 0 /INPUT 24 "a";
    .port_info 1 /INPUT 24 "b";
    .port_info 2 /OUTPUT 24 "r";
    .port_info 3 /INPUT 2 "op";
o0x7f8afee32008 .functor BUFZ 24, C4<zzzzzzzzzzzzzzzzzzzzzzzz>; HiZ drive
v0x7f8afef04cd0_0 .net "a", 23 0, o0x7f8afee32008;  0 drivers
o0x7f8afee32038 .functor BUFZ 24, C4<zzzzzzzzzzzzzzzzzzzzzzzz>; HiZ drive
v0x7f8afef14d90_0 .net "b", 23 0, o0x7f8afee32038;  0 drivers
o0x7f8afee32068 .functor BUFZ 2, C4<zz>; HiZ drive
v0x7f8afef14e40_0 .net "op", 1 0, o0x7f8afee32068;  0 drivers
v0x7f8afef14f00_0 .var "r", 23 0;
E_0x7f8afef04c90 .event edge, v0x7f8afef14e40_0, v0x7f8afef04cd0_0, v0x7f8afef14d90_0;
    .scope S_0x7f8afef04ac0;
T_0 ;
Ewait_0 .event/or E_0x7f8afef04c90, E_0x0;
    %wait Ewait_0;
    %load/vec4 v0x7f8afef14e40_0;
    %dup/vec4;
    %pushi/vec4 0, 0, 2;
    %cmp/u;
    %jmp/1 T_0.0, 6;
    %dup/vec4;
    %pushi/vec4 1, 0, 2;
    %cmp/u;
    %jmp/1 T_0.1, 6;
    %dup/vec4;
    %pushi/vec4 2, 0, 2;
    %cmp/u;
    %jmp/1 T_0.2, 6;
    %dup/vec4;
    %pushi/vec4 3, 0, 2;
    %cmp/u;
    %jmp/1 T_0.3, 6;
    %jmp T_0.4;
T_0.0 ;
    %load/vec4 v0x7f8afef04cd0_0;
    %load/vec4 v0x7f8afef14d90_0;
    %add;
    %store/vec4 v0x7f8afef14f00_0, 0, 24;
    %jmp T_0.4;
T_0.1 ;
    %load/vec4 v0x7f8afef04cd0_0;
    %load/vec4 v0x7f8afef14d90_0;
    %and;
    %store/vec4 v0x7f8afef14f00_0, 0, 24;
    %jmp T_0.4;
T_0.2 ;
    %load/vec4 v0x7f8afef14d90_0;
    %pad/u 32;
    %cmpi/u 23, 0, 32;
    %flag_or 5, 4; GT is !LE
    %flag_inv 5;
    %flag_mov 8, 5;
    %jmp/0 T_0.5, 8;
    %pushi/vec4 0, 0, 32;
    %jmp/1 T_0.6, 8;
T_0.5 ; End of true expr.
    %load/vec4 v0x7f8afef04cd0_0;
    %pad/u 32;
    %ix/getv 4, v0x7f8afef14d90_0;
    %shiftr 4;
    %jmp/0 T_0.6, 8;
 ; End of false expr.
    %blend;
T_0.6;
    %pad/u 24;
    %store/vec4 v0x7f8afef14f00_0, 0, 24;
    %jmp T_0.4;
T_0.3 ;
    %load/vec4 v0x7f8afef14d90_0;
    %pad/u 32;
    %cmpi/u 23, 0, 32;
    %flag_or 5, 4; GT is !LE
    %flag_inv 5;
    %flag_mov 8, 5;
    %jmp/0 T_0.7, 8;
    %pushi/vec4 0, 0, 24;
    %jmp/1 T_0.8, 8;
T_0.7 ; End of true expr.
    %load/vec4 v0x7f8afef04cd0_0;
    %ix/getv 4, v0x7f8afef14d90_0;
    %shiftl 4;
    %jmp/0 T_0.8, 8;
 ; End of false expr.
    %blend;
T_0.8;
    %store/vec4 v0x7f8afef14f00_0, 0, 24;
    %jmp T_0.4;
T_0.4 ;
    %pop/vec4 1;
    %jmp T_0;
    .thread T_0, $push;
# The file index is used to find the file name in the following table.
:file_names 4;
    "N/A";
    "<interactive>";
    "-";
    "alu.v";
