#! /usr/local/Cellar/icarus-verilog/11.0/bin/vvp
:ivl_version "11.0 (stable)";
:ivl_delay_selection "TYPICAL";
:vpi_time_precision + 0;
:vpi_module "/usr/local/Cellar/icarus-verilog/11.0/lib/ivl/system.vpi";
:vpi_module "/usr/local/Cellar/icarus-verilog/11.0/lib/ivl/vhdl_sys.vpi";
:vpi_module "/usr/local/Cellar/icarus-verilog/11.0/lib/ivl/vhdl_textio.vpi";
:vpi_module "/usr/local/Cellar/icarus-verilog/11.0/lib/ivl/v2005_math.vpi";
:vpi_module "/usr/local/Cellar/icarus-verilog/11.0/lib/ivl/va_math.vpi";
:vpi_module "/usr/local/Cellar/icarus-verilog/11.0/lib/ivl/v2009.vpi";
S_0x7fec27d05df0 .scope package, "$unit" "$unit" 2 1;
 .timescale 0 0;
S_0x7fec27d05f60 .scope module, "regfile" "regfile" 3 1;
 .timescale 0 0;
    .port_info 0 /INPUT 1 "clk";
    .port_info 1 /INPUT 2 "read_a_index";
    .port_info 2 /OUTPUT 32 "read_a_data";
    .port_info 3 /INPUT 2 "read_b_index";
    .port_info 4 /OUTPUT 32 "read_b_data";
    .port_info 5 /INPUT 2 "write_index";
    .port_info 6 /INPUT 1 "write_enable";
    .port_info 7 /INPUT 32 "write_data";
o0x7fec27e32008 .functor BUFZ 1, C4<z>; HiZ drive
v0x7fec27d078a0_0 .net "clk", 0 0, o0x7fec27e32008;  0 drivers
v0x7fec27d1c100_0 .var "read_a_data", 31 0;
o0x7fec27e32068 .functor BUFZ 2, C4<zz>; HiZ drive
v0x7fec27d1c1a0_0 .net "read_a_index", 1 0, o0x7fec27e32068;  0 drivers
v0x7fec27d1c250_0 .var "read_b_data", 31 0;
o0x7fec27e320c8 .functor BUFZ 2, C4<zz>; HiZ drive
v0x7fec27d1c300_0 .net "read_b_index", 1 0, o0x7fec27e320c8;  0 drivers
v0x7fec27d1c3f0 .array "regs", 0 3, 31 0;
o0x7fec27e321b8 .functor BUFZ 32, C4<zzzzzzzzzzzzzzzzzzzzzzzzzzzzzzzz>; HiZ drive
v0x7fec27d1c4d0_0 .net "write_data", 31 0, o0x7fec27e321b8;  0 drivers
o0x7fec27e321e8 .functor BUFZ 1, C4<z>; HiZ drive
v0x7fec27d1c580_0 .net "write_enable", 0 0, o0x7fec27e321e8;  0 drivers
o0x7fec27e32218 .functor BUFZ 2, C4<zz>; HiZ drive
v0x7fec27d1c620_0 .net "write_index", 1 0, o0x7fec27e32218;  0 drivers
E_0x7fec27d0a600 .event posedge, v0x7fec27d078a0_0;
v0x7fec27d1c3f0_0 .array/port v0x7fec27d1c3f0, 0;
v0x7fec27d1c3f0_1 .array/port v0x7fec27d1c3f0, 1;
v0x7fec27d1c3f0_2 .array/port v0x7fec27d1c3f0, 2;
E_0x7fec27d0b8d0/0 .event edge, v0x7fec27d1c1a0_0, v0x7fec27d1c3f0_0, v0x7fec27d1c3f0_1, v0x7fec27d1c3f0_2;
v0x7fec27d1c3f0_3 .array/port v0x7fec27d1c3f0, 3;
E_0x7fec27d0b8d0/1 .event edge, v0x7fec27d1c3f0_3, v0x7fec27d1c300_0;
E_0x7fec27d0b8d0 .event/or E_0x7fec27d0b8d0/0, E_0x7fec27d0b8d0/1;
    .scope S_0x7fec27d05f60;
T_0 ;
Ewait_0 .event/or E_0x7fec27d0b8d0, E_0x0;
    %wait Ewait_0;
    %load/vec4 v0x7fec27d1c1a0_0;
    %dup/vec4;
    %pushi/vec4 0, 0, 2;
    %cmp/u;
    %jmp/1 T_0.0, 6;
    %dup/vec4;
    %pushi/vec4 1, 0, 2;
    %cmp/u;
    %jmp/1 T_0.1, 6;
    %dup/vec4;
    %pushi/vec4 2, 0, 2;
    %cmp/u;
    %jmp/1 T_0.2, 6;
    %dup/vec4;
    %pushi/vec4 3, 0, 2;
    %cmp/u;
    %jmp/1 T_0.3, 6;
    %jmp T_0.4;
T_0.0 ;
    %ix/load 4, 0, 0;
    %flag_set/imm 4, 0;
    %load/vec4a v0x7fec27d1c3f0, 4;
    %store/vec4 v0x7fec27d1c100_0, 0, 32;
    %jmp T_0.4;
T_0.1 ;
    %ix/load 4, 1, 0;
    %flag_set/imm 4, 0;
    %load/vec4a v0x7fec27d1c3f0, 4;
    %store/vec4 v0x7fec27d1c100_0, 0, 32;
    %jmp T_0.4;
T_0.2 ;
    %ix/load 4, 2, 0;
    %flag_set/imm 4, 0;
    %load/vec4a v0x7fec27d1c3f0, 4;
    %store/vec4 v0x7fec27d1c100_0, 0, 32;
    %jmp T_0.4;
T_0.3 ;
    %ix/load 4, 3, 0;
    %flag_set/imm 4, 0;
    %load/vec4a v0x7fec27d1c3f0, 4;
    %store/vec4 v0x7fec27d1c100_0, 0, 32;
    %jmp T_0.4;
T_0.4 ;
    %pop/vec4 1;
    %load/vec4 v0x7fec27d1c300_0;
    %dup/vec4;
    %pushi/vec4 0, 0, 2;
    %cmp/u;
    %jmp/1 T_0.5, 6;
    %dup/vec4;
    %pushi/vec4 1, 0, 2;
    %cmp/u;
    %jmp/1 T_0.6, 6;
    %dup/vec4;
    %pushi/vec4 2, 0, 2;
    %cmp/u;
    %jmp/1 T_0.7, 6;
    %dup/vec4;
    %pushi/vec4 3, 0, 2;
    %cmp/u;
    %jmp/1 T_0.8, 6;
    %jmp T_0.9;
T_0.5 ;
    %ix/load 4, 0, 0;
    %flag_set/imm 4, 0;
    %load/vec4a v0x7fec27d1c3f0, 4;
    %store/vec4 v0x7fec27d1c250_0, 0, 32;
    %jmp T_0.9;
T_0.6 ;
    %ix/load 4, 1, 0;
    %flag_set/imm 4, 0;
    %load/vec4a v0x7fec27d1c3f0, 4;
    %store/vec4 v0x7fec27d1c250_0, 0, 32;
    %jmp T_0.9;
T_0.7 ;
    %ix/load 4, 2, 0;
    %flag_set/imm 4, 0;
    %load/vec4a v0x7fec27d1c3f0, 4;
    %store/vec4 v0x7fec27d1c250_0, 0, 32;
    %jmp T_0.9;
T_0.8 ;
    %ix/load 4, 3, 0;
    %flag_set/imm 4, 0;
    %load/vec4a v0x7fec27d1c3f0, 4;
    %store/vec4 v0x7fec27d1c250_0, 0, 32;
    %jmp T_0.9;
T_0.9 ;
    %pop/vec4 1;
    %jmp T_0;
    .thread T_0, $push;
    .scope S_0x7fec27d05f60;
T_1 ;
    %wait E_0x7fec27d0a600;
    %load/vec4 v0x7fec27d1c580_0;
    %flag_set/vec4 8;
    %jmp/0xz  T_1.0, 8;
    %load/vec4 v0x7fec27d1c620_0;
    %pad/u 32;
    %cmpi/e 0, 0, 32;
    %jmp/0xz  T_1.2, 4;
    %jmp T_1.3;
T_1.2 ;
    %load/vec4 v0x7fec27d1c4d0_0;
    %load/vec4 v0x7fec27d1c620_0;
    %pad/u 4;
    %ix/vec4 3;
    %ix/load 4, 0, 0; Constant delay
    %assign/vec4/a/d v0x7fec27d1c3f0, 0, 4;
T_1.3 ;
T_1.0 ;
    %jmp T_1;
    .thread T_1;
# The file index is used to find the file name in the following table.
:file_names 4;
    "N/A";
    "<interactive>";
    "-";
    "regfile.v";
